GET / 500 1070 - 108.135 ms
GET / 200 890 - 345.552 ms
GET /public/css/main.css 404 158 - 32.827 ms
GET /profile 404 146 - 1.418 ms
GET /diet 500 25 - 7.037 ms
GET /diet 500 25 - 3.694 ms
GET /login 200 965 - 6.668 ms
POST /api/users 200 119 - 122.648 ms
GET / 304 - - 7.248 ms
GET /public/css/main.css 404 158 - 2.922 ms
GET /workouts 404 147 - 0.520 ms
GET /diet 500 25 - 4.352 ms
GET /login 302 46 - 4.026 ms
GET / 304 - - 11.559 ms
GET /public/css/main.css 404 158 - 0.767 ms
GET /community 500 25 - 2.967 ms
GET /profile 404 146 - 0.782 ms
GET / 304 - - 17.910 ms
GET /public/css/main.css 404 158 - 2.336 ms
GET / 304 - - 49.459 ms
GET /public/css/main.css 404 158 - 7.907 ms
GET / 304 - - 11.905 ms
GET /public/css/main.css 404 158 - 2.865 ms
GET /diet 200 1223 - 16.361 ms
GET /public/css/main.css 404 158 - 1.746 ms
GET /workouts 404 147 - 1.626 ms
GET /community 200 249 - 6.813 ms
GET /workouts 404 147 - 1.451 ms
GET /workouts 404 147 - 1.117 ms
GET /workouts 404 147 - 1.118 ms
GET / 200 889 - 11.590 ms
GET /public/css/main.css 404 158 - 3.050 ms
GET / 304 - - 7.371 ms
GET /public/css/main.css 404 158 - 2.872 ms
GET / 304 - - 39.481 ms
GET /public/css/main.css 404 158 - 7.028 ms
GET / 304 - - 9.664 ms
GET /public/css/main.css 404 158 - 2.356 ms
GET /workout 200 1285 - 22.543 ms
GET /public/css/main.css 404 158 - 1.694 ms
GET /diet 304 - - 75.766 ms
GET /public/css/main.css 404 158 - 2.088 ms
GET /community 304 - - 6.711 ms
GET /workout 500 272 - 31.248 ms
GET /workout 200 2138 - 18.607 ms
GET /workout 304 - - 6.667 ms
GET / 304 - - 10.302 ms
GET /public/css/main.css 404 158 - 2.037 ms
GET /workout 304 - - 25.581 ms
GET /public/images/home/Bckg-Img.png 404 170 - 2.427 ms
GET / 304 - - 8.055 ms
GET /public/css/main.css 404 158 - 0.888 ms
GET /community 200 2074 - 4.750 ms
GET /public/css/main.css 404 158 - 0.494 ms
GET /workouts 404 147 - 0.414 ms
GET /workout 304 - - 3.154 ms
GET /public/images/home/Bckg-Img.png 404 170 - 0.489 ms
GET / 304 - - 6.842 ms
GET /public/css/main.css 404 158 - 0.499 ms
GET /login 304 - - 2.778 ms
GET /profile 404 146 - 0.482 ms
GET /community 304 - - 5.920 ms
GET /public/css/main.css 404 158 - 0.453 ms
GET / 304 - - 3.700 ms
GET /public/css/main.css 404 158 - 0.555 ms
GET /workout 304 - - 4.581 ms
GET /workout 304 - - 24.425 ms
GET /public/images/home/Bckg-Img.png 404 170 - 6.169 ms
GET /workout 304 - - 5.215 ms
GET /workout 200 2138 - 7.037 ms
GET /public/images/home/Bckg-Img.png 404 170 - 1.251 ms
GET /public/images/home/Bckg-Img.png 404 170 - 0.639 ms
GET /workout 304 - - 18.465 ms
GET /public/images/home/Bckg-Img.png 404 170 - 5.763 ms
GET /workout 304 - - 7.238 ms
GET /workout 304 - - 3.664 ms
GET /workout?time=33&equipment=dumbells&muscle=chest&fitnessLevel=3&fitnessGoals=muscle+gain+ 200 2138 - 3.741 ms
GET /workout 304 - - 3.077 ms
GET /workout?time=33&equipment=dumbells&muscle=chest&fitnessLevel=3&fitnessGoals=muscle+gain 200 2138 - 4.430 ms
GET /community 304 - - 5.586 ms
GET /public/css/main.css 404 158 - 1.278 ms
GET /public/images/home/Bckg-Img.png 404 170 - 0.579 ms
GET /profile 404 146 - 0.423 ms
GET /diet 304 - - 5.342 ms
GET /public/css/main.css 404 158 - 0.929 ms
GET /public/js/diet.js 404 156 - 1.125 ms
GET /public/images/home/Bckg-Img.png 404 170 - 1.046 ms
GET /workout 304 - - 3.057 ms
GET /workout?time=33&equipment=dumbells&muscle=chest&fitnessLevel=2&fitnessGoals=muscle+gain 200 2138 - 4.338 ms
GET /workout 304 - - 5.445 ms
GET /public/images/home/Bckg-Img.png 404 170 - 2.035 ms
GET /workout?time=33&equipment=dumbells&muscle=chest&fitnessLevel=3&fitnessGoals=muscle+gain 304 - - 3.373 ms
GET /workout 304 - - 3.171 ms
GET /public/images/home/Bckg-Img.png 404 170 - 0.497 ms
GET /community 200 2126 - 3.760 ms
GET /public/css/community.css 404 163 - 0.670 ms
GET /public/css/community.css 404 163 - 0.512 ms
GET /public/css/community.css 404 163 - 0.526 ms
GET /login 304 - - 2.232 ms
GET /public/images/home/Bckg-Img.png 404 170 - 0.722 ms
GET /community 304 - - 3.823 ms
GET /public/css/community.css 404 163 - 0.666 ms
GET /public/css/community.css 404 163 - 0.455 ms
GET /public/images/home/Bckg-Img.png 404 170 - 0.763 ms
GET /workouts 404 147 - 0.459 ms
GET /public/css/community.css 404 163 - 0.497 ms
GET /login 304 - - 1.647 ms
GET /public/images/home/Bckg-Img.png 404 170 - 0.969 ms
GET /community 200 2270 - 3.401 ms
GET /public/css/community.css 404 163 - 0.902 ms
GET /public/images/home/Bckg-Img.png 404 170 - 0.472 ms
GET /public/css/community.css 404 163 - 0.807 ms
GET /community 304 - - 2.539 ms
GET /public/css/community.css 404 163 - 0.467 ms
GET /login 304 - - 1.574 ms
GET /community 304 - - 2.739 ms
GET /public/css/community.css 404 163 - 0.829 ms
GET /public/css/community.css 404 163 - 0.440 ms
GET /diet 304 - - 3.175 ms
GET /public/css/main.css 404 158 - 0.445 ms
GET /public/js/diet.js 404 156 - 1.060 ms
GET /workout 304 - - 2.384 ms
GET /community 304 - - 2.787 ms
GET /public/css/community.css 404 163 - 0.587 ms
GET /workout 200 2155 - 2.576 ms
GET / 200 1277 - 8.226 ms
GET /public/css/main.css 404 158 - 0.404 ms
GET /community 200 2287 - 3.437 ms
GET /public/css/community.css 404 163 - 0.700 ms
GET /public/css/community.css 404 163 - 0.473 ms
GET /login 200 1776 - 1.420 ms
GET /profile 404 146 - 0.351 ms
GET / 304 - - 4.617 ms
GET /public/css/main.css 404 158 - 0.423 ms
GET /community 304 - - 2.699 ms
GET /public/css/community.css 404 163 - 0.407 ms
GET /public/css/community.css 404 163 - 0.434 ms
GET / 304 - - 3.247 ms
GET /public/css/main.css 404 158 - 0.482 ms
GET /workout 304 - - 5.614 ms
GET /community 304 - - 3.007 ms
GET /public/css/community.css 404 163 - 0.876 ms
GET /public/css/community.css 404 163 - 0.458 ms
GET /login 304 - - 1.870 ms
GET / 304 - - 4.160 ms
GET /public/css/main.css 404 158 - 0.406 ms
GET /workout 304 - - 2.305 ms
GET /community 304 - - 2.957 ms
GET /public/css/community.css 404 163 - 0.425 ms
GET /public/css/community.css 404 163 - 0.448 ms
GET /profile 404 146 - 0.402 ms
GET /diet 200 2126 - 3.588 ms
GET /public/css/main.css 404 158 - 0.408 ms
GET /public/js/diet.js 404 156 - 1.921 ms
GET /profile 404 146 - 0.428 ms
GET /community 304 - - 6.066 ms
GET /public/css/community.css 404 163 - 0.387 ms
GET /public/css/community.css 404 163 - 0.390 ms
GET /public/css/community.css 404 163 - 0.829 ms
GET /workout 304 - - 4.787 ms
GET /public/images/home/Bckg-Img.png 404 170 - 1.986 ms
GET /workout?time=33&equipment=dumbells&muscle=chest&fitnessLevel=3&fitnessGoals=muscle+gain 200 2155 - 3.098 ms
GET /community 304 - - 4.333 ms
GET /public/css/community.css 404 163 - 0.441 ms
GET /public/css/community.css 404 163 - 0.409 ms
GET /public/images/home/Bckg-Img.png 404 170 - 1.054 ms
GET /public/css/community.css 404 163 - 0.400 ms
GET /profile 404 146 - 0.346 ms
GET /diet 304 - - 3.065 ms
GET /public/css/main.css 404 158 - 0.733 ms
GET /public/js/diet.js 404 156 - 0.968 ms
GET /diet? 200 2126 - 3.245 ms
GET /public/css/main.css 404 158 - 0.604 ms
GET /public/js/diet.js 404 156 - 1.456 ms
GET / 304 - - 4.452 ms
GET /public/css/main.css 404 158 - 0.379 ms
GET /workout 304 - - 2.894 ms
GET / 304 - - 6.487 ms
GET /public/css/main.css 404 158 - 0.767 ms
GET /public/images/home/Bckg-Img.png 404 170 - 3.917 ms
GET /community 304 - - 2.706 ms
GET /public/css/community.css 404 163 - 0.434 ms
GET /public/css/community.css 404 163 - 0.551 ms
GET /community 304 - - 2.508 ms
GET /public/css/community.css 404 163 - 0.484 ms
GET /public/css/community.css 404 163 - 0.717 ms
GET /workout 304 - - 2.708 ms
GET /public/images/home/Bckg-Img.png 404 170 - 2.023 ms
GET /community 304 - - 2.627 ms
GET /public/css/community.css 404 163 - 0.594 ms
GET /public/css/community.css 404 163 - 0.431 ms
GET /public/images/home/Bckg-Img.png 404 170 - 0.739 ms
GET /login 304 - - 1.707 ms
GET /public/images/home/Bckg-Img.png 404 170 - 0.875 ms
GET /workout 304 - - 1.997 ms
GET /public/images/home/Bckg-Img.png 404 170 - 1.205 ms
GET /diet 304 - - 2.870 ms
GET /public/css/main.css 404 158 - 0.370 ms
GET /public/js/diet.js 404 156 - 0.586 ms
GET / 304 - - 5.539 ms
GET /public/css/main.css 404 158 - 0.365 ms
GET /workout 304 - - 1.928 ms
GET /community 304 - - 3.451 ms
GET /public/css/community.css 404 163 - 1.319 ms
GET /public/images/home/Bckg-Img.png 404 170 - 0.412 ms
GET /public/css/community.css 404 163 - 1.738 ms
GET /login 304 - - 1.816 ms
GET /diet 304 - - 3.342 ms
GET /public/js/diet.js 404 156 - 0.357 ms
GET /public/css/main.css 404 158 - 0.370 ms
GET /workout 304 - - 3.410 ms
GET / 304 - - 4.037 ms
GET /public/css/main.css 404 158 - 0.486 ms
GET / 304 - - 27.139 ms
GET /public/css/main.css 404 158 - 3.629 ms
GET /public/images/home/Bckg-Img.png 404 170 - 4.132 ms
GET / 304 - - 6.161 ms
GET /public/css/main.css 404 158 - 0.523 ms
GET /workout 304 - - 4.062 ms
GET /workoutRoutes?time=33&equipment=dumbells&muscle=chest&fitnessLevel=3&fitnessGoals=muscle+gain 404 152 - 0.612 ms
GET /workout 304 - - 4.991 ms
GET /public/images/home/Bckg-Img.png 404 170 - 4.572 ms
GET /workout?time=30&equipment=dumbells&muscle=back&fitnessLevel=3&fitnessGoals=muscle+gain 200 2155 - 3.903 ms
GET /workout 304 - - 3.956 ms
GET /workout?time=33&equipment=dumbells&muscle=chest&fitnessLevel=3&fitnessGoals=muscle+gain 304 - - 3.812 ms
GET /workout 304 - - 22.604 ms
GET /workout?time=33&equipment=dumbells&muscle=chest&fitnessLevel=3&fitnessGoals=muscle+gain 304 - - 6.845 ms
GET /workout 200 2155 - 5.867 ms
GET /public/images/home/Bckg-Img.png 404 170 - 3.049 ms
GET /workout?time=33&equipment=bar&muscle=back&fitnessLevel=3&fitnessGoals=muscle+gain 200 2155 - 5.904 ms
GET /workout?time=33&equipment=bar&muscle=back&fitnessLevel=3&fitnessGoals=muscle+gain 200 2155 - 4.312 ms
GET /public/images/home/Bckg-Img.png 404 170 - 0.598 ms
POST /workout 404 147 - 0.391 ms
PUT /workout 404 146 - 0.408 ms
GET /workout 200 2155 - 3.731 ms
GET /public/images/home/Bckg-Img.png 404 170 - 1.330 ms
GET /workout 304 - - 7.216 ms
GET /public/images/home/Bckg-Img.png 404 170 - 2.557 ms
GET /workout?time=30&equipment=bar&muscle=chest&fitnessLevel=3&fitnessGoals=muscle+gain 200 2155 - 12.189 ms
GET /workout 304 - - 23.543 ms
GET /community 200 2226 - 5.744 ms
GET /public/images/home/Bckg-Img.png 404 170 - 2.288 ms

GET / 200 1309 - 15.377 ms
GET /public/images/home/Bckg-Img.png 404 170 - 0.950 ms
GET /workout 200 2157 - 26.453 ms
GET /diet 200 2313 - 20.006 ms
GET /js/diets.js 404 150 - 0.588 ms
GET /community 200 2065 - 22.497 ms
GET /login 200 1778 - 13.365 ms
POST /api/users/login 400 701 - 7.498 ms
POST /api/users 400 1157 - 102.072 ms
POST /api/users 400 1157 - 97.218 ms
POST /api/users 400 1157 - 95.429 ms
GET /login 304 - - 14.729 ms
GET /myprofile 302 56 - 8.139 ms
GET /login 304 - - 3.376 ms
POST /api/users 400 1133 - 96.633 ms
GET /profile 404 146 - 1.501 ms
GET /login 200 1780 - 1.575 ms
GET /login 304 - - 10.454 ms
GET /myprofile 302 56 - 2.882 ms
GET /login 304 - - 6.133 ms
POST /api/users 400 1157 - 96.996 ms
GET /login 304 - - 11.869 ms
POST /api/users 400 1133 - 92.111 ms
GET /login 500 1529 - 3.232 ms
GET /login 500 1529 - 4.045 ms
GET /login 200 1780 - 9.481 ms
POST /api/users 400 1133 - 86.113 ms
GET /login 304 - - 8.884 ms
POST /api/users 400 1157 - 87.162 ms
POST /api/users 400 1157 - 95.620 ms
GET /api/users 404 148 - 4.878 ms
GET /login 304 - - 11.357 ms
POST /api/users 400 1133 - 92.732 ms
POST /api/users 200 132 - 99.714 ms
GET / 200 1311 - 5.112 ms
GET /myprofile 500 1443 - 12.383 ms
GET /myprofile 500 1443 - 5.401 ms
GET /myprofile 500 1443 - 3.088 ms
GET /myprofile 500 1443 - 4.906 ms
GET /login 302 46 - 7.321 ms
GET / 304 - - 19.494 ms
GET /myprofile 500 1443 - 21.573 ms
GET /myprofile 500 1443 - 4.989 ms
GET /myprofile 500 1443 - 24.491 ms
GET /myprofile 500 1443 - 12.784 ms
GET /myprofile 500 1443 - 10.251 ms
GET /myprofile 500 1443 - 5.257 ms
GET /login 302 46 - 6.376 ms
GET / 304 - - 19.930 ms
GET /community 304 - - 8.264 ms
GET /workouts 404 147 - 5.867 ms
GET /workout 200 2159 - 24.353 ms
GET / 304 - - 23.212 ms
GET /myprofile 500 1443 - 16.019 ms
GET /myprofile 500 1443 - 8.918 ms
GET /myprofile 500 1443 - 3.387 ms
GET /myprofile 500 1443 - 7.342 ms
GET /myprofile 500 1443 - 14.557 ms
GET /myprofile 500 1443 - 14.432 ms
GET /myprofile 500 1443 - 9.772 ms
GET /myprofile 500 1443 - 24.048 ms
GET /myprofile 500 1443 - 8.675 ms
GET /myprofile 500 1443 - 14.861 ms
GET /workout 304 - - 10.525 ms
GET /public/images/home/Bckg-Img.png 404 170 - 1.183 ms
GET /myprofile 500 1443 - 16.505 ms
GET /myprofile 500 1443 - 6.712 ms
GET /myprofile 500 1443 - 7.694 ms
GET /myprofile 500 1443 - 5.470 ms
GET /myprofile 500 1443 - 2.277 ms
GET /myprofile 500 1443 - 3.401 ms
GET /myprofile 302 56 - 2.718 ms
GET /login 200 1780 - 9.056 ms
POST /api/users 200 129 - 90.998 ms
GET / 304 - - 10.639 ms
GET /myprofile 200 2674 - 12.222 ms
GET /myprofile 304 - - 22.126 ms
GET /myprofile 304 - - 18.303 ms
GET / 304 - - 17.544 ms
GET /myprofile 200 2792 - 22.567 ms
GET / 304 - - 24.680 ms
GET / 304 - - 2.740 ms
GET /myprofile 304 - - 17.815 ms
GET /myprofile 304 - - 25.548 ms
GET /public/images/home/Bckg-Img.png 404 170 - 1.159 ms
GET /myprofile 304 - - 3.389 ms
GET /public/images/home/Bckg-Img.png 404 170 - 0.281 ms
GET / 304 - - 22.559 ms
GET /workout 304 - - 11.021 ms
GET / 304 - - 18.892 ms
GET /diet 304 - - 22.817 ms
GET /js/diets.js 404 150 - 0.300 ms
GET /community 304 - - 22.826 ms
GET /diet 304 - - 19.680 ms
GET /js/diets.js 404 150 - 0.892 ms
GET /diet 304 - - 2.389 ms
GET /js/diets.js 404 150 - 0.428 ms
GET /public/images/home/Bckg-Img.png 404 170 - 0.340 ms
GET /diet 304 - - 4.464 ms
GET /js/diets.js 404 150 - 0.304 ms
GET /public/images/home/Bckg-Img.png 404 170 - 0.245 ms
GET /diet 304 - - 2.924 ms
GET /js/diets.js 404 150 - 0.222 ms
GET /public/images/home/Bckg-Img.png 404 170 - 0.360 ms
GET /diet 304 - - 18.951 ms
GET /js/diets.js 404 150 - 0.718 ms
GET /public/images/home/Bckg-Img.png 404 170 - 0.249 ms
GET /diet 304 - - 19.882 ms
GET /js/diets.js 404 150 - 0.297 ms
GET /workouts 404 147 - 1.058 ms
GET /diet 200 2312 - 2.972 ms
GET /js/diets.js 404 150 - 0.299 ms
GET /workout 304 - - 16.987 ms
GET / 304 - - 4.347 ms
GET /diet 304 - - 17.015 ms
GET /js/diets.js 404 150 - 0.310 ms
GET /community 304 - - 12.317 ms
GET /login 302 46 - 6.147 ms
GET / 304 - - 2.938 ms
GET /myprofile 304 - - 21.853 ms
GET /myprofile 304 - - 3.168 ms
GET /myprofile 304 - - 3.358 ms
GET /myprofile 304 - - 3.252 ms
GET /myprofile 304 - - 21.701 ms
GET /myprofile 304 - - 4.509 ms
GET /myprofile 304 - - 4.797 ms
GET /myprofile 304 - - 4.122 ms
GET /myprofile 304 - - 3.357 ms
GET /myprofile 304 - - 17.926 ms
POST /api/picture 200 3727573 - 212.569 ms
GET /myprofile 200 3730387 - 30.587 ms
GET /myprofile?number= 200 3730387 - 55.207 ms
DELETE /api/users/1 200 1 - 20.248 ms
GET /myprofile 304 - - 50.302 ms
DELETE /api/users/1 200 1 - 12.734 ms
GET /myprofile 304 - - 47.507 ms
DELETE /api/users/1 200 1 - 5.290 ms
GET /myprofile 304 - - 43.897 ms
DELETE /api/users/1 200 1 - 4.306 ms
GET /myprofile 304 - - 35.359 ms
POST /api/users/logout 204 - - 15.059 ms
GET / 304 - - 6.701 ms
GET /myprofile 302 56 - 2.134 ms
GET /login 200 1780 - 1.930 ms
POST /api/users/login 200 201 - 97.379 ms
GET /myprofile 200 3730387 - 26.477 ms
DELETE /api/users/1 200 1 - 5.716 ms
GET /myprofile 304 - - 42.396 ms
GET /myprofile 304 - - 35.302 ms
DELETE /api/users/1 200 1 - 9.921 ms
GET /myprofile 304 - - 44.456 ms
GET /myprofile 304 - - 28.987 ms
DELETE /api/users/1 200 1 - 11.502 ms
GET /myprofile 304 - - 40.551 ms
DELETE /api/users/1 200 1 - 7.877 ms
GET /myprofile 304 - - 36.498 ms
GET /myprofile/1 404 150 - 3.673 ms
DELETE /api/users/1 200 1 - 7.230 ms
GET /myprofile 304 - - 41.059 ms
DELETE /api/users/1 200 1 - 9.709 ms
GET /myprofile 304 - - 54.004 ms
DELETE /api/users/1 200 1 - 5.886 ms
GET /myprofile 304 - - 55.486 ms
GET /myprofile 304 - - 43.077 ms
DELETE /api/users/1 200 1 - 6.665 ms
GET /myprofile 304 - - 50.942 ms
GET / 304 - - 22.049 ms
GET / 200 1311 - 15.721 ms
GET /login 302 46 - 5.150 ms
GET / 304 - - 4.040 ms
GET /myprofile 304 - - 55.953 ms
DELETE /api/users/1 200 1 - 4.863 ms
GET /myprofile 304 - - 45.534 ms
DELETE /api/users/1 200 1 - 6.171 ms
GET /myprofile 304 - - 46.174 ms
POST /api/users/logout 204 - - 3.210 ms
GET / 304 - - 3.754 ms
GET /login 200 1780 - 12.798 ms
POST /api/users/login 200 201 - 94.557 ms
GET /myprofile 304 - - 26.312 ms
DELETE /api/users/1 200 1 - 6.025 ms
GET /myprofile 304 - - 47.729 ms
GET /myprofile 304 - - 38.830 ms
GET /myprofile 304 - - 65.262 ms
DELETE /api/users/1 200 1 - 19.100 ms
GET /myprofile 304 - - 44.172 ms
GET /myprofile 304 - - 34.499 ms
DELETE /api/users/login/1 200 1 - 17.982 ms
GET /myprofile 304 - - 46.814 ms
GET /myprofile 304 - - 62.418 ms
DELETE /api/users/1 404 44 - 7.811 ms
GET /myprofile 304 - - 59.908 ms
DELETE /api/users/1 404 44 - 5.453 ms
GET /myprofile 304 - - 54.795 ms
DELETE /api/users/1 404 44 - 14.752 ms
GET /myprofile 304 - - 42.155 ms
GET /public/images/home/Bckg-Img.png 404 170 - 1.141 ms
DELETE /api/users/1 200 1 - 16.502 ms
GET /myprofile 304 - - 40.383 ms
DELETE /api/users/1 200 1 - 13.858 ms
GET /myprofile 304 - - 56.912 ms
GET /myprofile 304 - - 34.973 ms
GET /myprofile 200 3730388 - 37.784 ms
DELETE /api/picture/1 200 1 - 26.974 ms
GET /myprofile 200 2708 - 14.866 ms
GET / 304 - - 17.512 ms
GET /myprofile 304 - - 12.005 ms
POST /api/picture 200 3727573 - 203.329 ms
GET /myprofile 200 3730388 - 33.155 ms
GET /myprofile?number= 302 56 - 5.761 ms
GET /login 304 - - 8.804 ms
GET /public/images/home/Bckg-Img.png 404 170 - 1.442 ms
POST /api/users/login 200 201 - 84.904 ms
GET /myprofile 302 56 - 0.438 ms
GET /login 302 46 - 0.204 ms
GET / 304 - - 3.356 ms
GET /myprofile 200 3730388 - 84.713 ms
GET /workouts 404 147 - 2.441 ms
GET /myprofile 200 3730387 - 29.678 ms
GET /workout 304 - - 21.829 ms
GET /workout 304 - - 9.858 ms
GET /diet 304 - - 17.119 ms
GET /js/diets.js 404 150 - 0.697 ms
GET /diet 304 - - 6.274 ms
GET /js/diets.js 404 150 - 0.773 ms
GET /public/images/home/Bckg-Img.png 404 170 - 0.245 ms
GET /diet 304 - - 4.233 ms
GET /js/diets.js 404 150 - 0.244 ms
GET /workout 304 - - 9.506 ms
GET /diet 304 - - 21.588 ms
GET /js/diets.js 404 150 - 0.288 ms
GET /community 304 - - 10.273 ms
GET /workouts 404 147 - 5.058 ms
GET /workouts 404 147 - 0.916 ms
GET /workouts 404 147 - 1.052 ms
GET /workouts 404 147 - 1.668 ms
GET /community 200 2064 - 16.596 ms
GET /workout 304 - - 7.187 ms
GET /myprofile 304 - - 60.290 ms
GET /Community 200 2064 - 15.607 ms
GET /workout 304 - - 7.418 ms
GET /workout 304 - - 12.532 ms
GET /public/images/home/Bckg-Img.png 404 170 - 1.682 ms
GET /myprofile 304 - - 51.395 ms
GET /myprofile?number= 200 3730387 - 49.441 ms
POST /api/users/logout 204 - - 5.445 ms
GET / 304 - - 7.953 ms
GET /login 200 1780 - 16.090 ms
GET /login 200 1995 - 4.204 ms
GET /login 200 1989 - 1.557 ms
GET /login 304 - - 9.256 ms
GET /login 200 1981 - 2.697 ms
GET /login 304 - - 18.131 ms
POST /api/users 400 1030 - 84.294 ms
GET /login 304 - - 19.678 ms
POST /api/users 400 1030 - 81.801 ms
POST /api/users 400 1030 - 99.790 ms
POST /api/users 400 1030 - 96.399 ms
GET /login 304 - - 2.859 ms
POST /api/users 400 1036 - 93.096 ms
GET /login 304 - - 9.774 ms
POST /api/users 400 1036 - 79.441 ms
GET /login 304 - - 8.965 ms
POST /api/users 400 1036 - 86.036 ms
GET /login 304 - - 12.296 ms
GET /public/images/home/Bckg-Img.png 404 170 - 1.265 ms
GET /login 304 - - 13.978 ms
POST /api/users 200 175 - 85.807 ms
GET / 304 - - 6.702 ms
GET /myprofile 200 2712 - 25.647 ms
GET /myprofile?number= 200 2712 - 23.003 ms
GET /Community 304 - - 25.873 ms
GET /myprofile 304 - - 19.210 ms
POST /api/picture 200 3727573 - 428.127 ms
GET /myprofile 200 3730392 - 34.081 ms
GET /myprofile?number= 200 3730392 - 58.037 ms
GET /myprofile?number= 304 - - 59.830 ms
GET /myprofile?number= 304 - - 55.936 ms
GET /myprofile?number= 304 - - 57.703 ms
DELETE /api/picture/1 200 1 - 34.146 ms
GET /myprofile 200 2712 - 8.801 ms
GET /myprofile 200 2744 - 4.807 ms
GET /myprofile 200 2779 - 4.553 ms
GET /myprofile 200 2800 - 4.471 ms
GET /Community 304 - - 16.942 ms
GET /myprofile 304 - - 3.258 ms
GET /myprofile 304 - - 7.230 ms
GET /myprofile 200 2818 - 3.837 ms
GET /myprofile 304 - - 3.056 ms
GET /myprofile 304 - - 3.113 ms
GET /myprofile?number= 200 2818 - 15.733 ms
GET /Community 304 - - 12.178 ms
GET /myprofile?number= 304 - - 11.450 ms
GET /Community 304 - - 3.323 ms
GET /Community 304 - - 11.635 ms
GET /Community 304 - - 18.789 ms
GET /Community 304 - - 19.278 ms
GET /myprofile 304 - - 23.080 ms
GET /myprofile 200 2873 - 3.857 ms
GET /Community 304 - - 3.197 ms
GET /Community 304 - - 13.239 ms
GET /Community 304 - - 15.690 ms
GET /login 302 46 - 6.476 ms
GET / 304 - - 5.618 ms
GET /myprofile 304 - - 24.722 ms
POST /api/users/logout 204 - - 5.387 ms
GET / 304 - - 4.149 ms
GET /login 200 1981 - 13.562 ms
POST /api/users 400 1305 - 102.522 ms
POST /api/users 200 168 - 97.728 ms
GET / 304 - - 2.405 ms
GET /myprofile 200 2857 - 18.847 ms
GET /Community 304 - - 17.691 ms
GET /myprofile 200 2933 - 3.268 ms
GET /myprofile 200 2937 - 3.572 ms
GET /myprofile 200 2945 - 3.715 ms
GET /myprofile?number= 200 2945 - 5.795 ms
GET /myprofile?number= 304 - - 20.916 ms
GET /myprofile?number= 304 - - 15.012 ms
GET /myprofile?number= 200 2945 - 3.839 ms
GET /Community 304 - - 2.685 ms
GET /myprofile?number= 200 2954 - 3.164 ms
GET /myprofile?number= 200 2954 - 4.386 ms
GET /workout 304 - - 18.444 ms
GET /myprofile 200 2954 - 18.180 ms
GET /myprofile 304 - - 23.283 ms
GET /myprofile 304 - - 2.852 ms
POST /api/picture 200 3727573 - 194.253 ms
GET /myprofile 200 3730634 - 31.703 ms
DELETE /api/picture/2 200 1 - 31.659 ms
GET /myprofile 200 2954 - 5.771 ms
POST /api/picture 200 3727573 - 225.417 ms
GET /myprofile 200 3730634 - 32.320 ms
GET /myprofile 200 3730658 - 30.486 ms
DELETE /api/picture/3 200 1 - 16.415 ms
GET /myprofile 200 2978 - 7.364 ms
GET /myprofile 304 - - 5.188 ms
GET /myprofile 304 - - 3.584 ms
GET /myprofile 304 - - 3.995 ms
GET /myprofile 304 - - 3.649 ms
GET /myprofile 200 2913 - 4.810 ms
GET /myprofile 304 - - 27.292 ms
GET /myprofile 200 2978 - 6.768 ms
GET /myprofile 304 - - 15.636 ms
POST /api/picture 200 3727573 - 221.345 ms
GET /myprofile 200 3730658 - 31.772 ms
DELETE /api/picture/4 200 1 - 38.128 ms
GET /myprofile 200 2978 - 10.523 ms
GET /myprofile 304 - - 14.680 ms
POST /api/picture 200 3727573 - 195.049 ms
GET /myprofile 200 3730658 - 31.135 ms
DELETE /api/picture/5 200 1 - 33.255 ms
GET /myprofile 200 2978 - 6.728 ms
GET /myprofile 304 - - 16.402 ms
POST /api/picture 200 3727573 - 188.985 ms
GET /myprofile 200 3730658 - 31.477 ms
DELETE /api/picture/6 200 1 - 34.758 ms
GET /myprofile 200 2978 - 8.732 ms
POST /api/picture 200 3727573 - 56115.470 ms
GET /myprofile 200 3730658 - 49.936 ms
GET /myprofile 304 - - 62.301 ms
GET /myprofile 304 - - 63.039 ms
DELETE /api/picture/7 200 1 - 37.437 ms
GET /myprofile 200 2978 - 11.046 ms
POST /api/picture 200 3727573 - 196.617 ms
GET /myprofile 200 3730658 - 29.565 ms
GET /myprofile 304 - - 40.401 ms
DELETE /api/picture/8 200 1 - 34.498 ms
GET /myprofile 200 2978 - 9.678 ms
POST /api/picture 200 3727573 - 189.078 ms
GET /myprofile 200 3730658 - 33.509 ms
DELETE /api/picture/9 200 1 - 36.207 ms
GET /myprofile 200 2978 - 6.425 ms
POST /api/picture 200 3727574 - 24891.129 ms
GET /myprofile 200 3730659 - 34.900 ms
DELETE /api/picture/10 200 1 - 34.765 ms
GET /myprofile 200 2978 - 20.507 ms
POST /api/picture 200 3727574 - 192.668 ms
GET /myprofile 200 3730659 - 34.029 ms
POST /api/users/logout 204 - - 7.979 ms
GET / 304 - - 8.836 ms
GET /myprofile 302 56 - 2.120 ms
GET /login 304 - - 2.708 ms
POST /api/users 200 171 - 91.139 ms
GET / 304 - - 3.374 ms
GET /myprofile 200 2980 - 14.908 ms
POST /api/picture 200 3727574 - 219.865 ms
GET /myprofile 200 3730661 - 33.544 ms
GET /myprofile 304 - - 38.182 ms
GET /myprofile 304 - - 65.354 ms
DELETE /api/picture/12 200 1 - 37.701 ms
GET /myprofile 200 2980 - 7.924 ms
GET /myprofile 304 - - 30.605 ms
POST /api/picture 200 3727574 - 184.424 ms
GET /myprofile 200 3730661 - 30.466 ms
GET /myprofile 304 - - 37.061 ms
DELETE /api/picture/13 200 1 - 38.187 ms
GET /myprofile 200 2980 - 8.144 ms
GET /myprofile 304 - - 14.484 ms
POST /api/picture 200 3727574 - 177.624 ms
GET /myprofile 200 3730661 - 32.425 ms
GET /myprofile 304 - - 29.074 ms
DELETE /api/picture/14 200 1 - 33.318 ms
GET /myprofile 200 2980 - 9.039 ms
POST /api/picture 200 3727574 - 197.316 ms
GET /myprofile 200 3730661 - 32.213 ms
GET /myprofile 500 1608 - 5.361 ms
GET /myprofile 500 1608 - 5.019 ms
GET /myprofile 500 1608 - 25.147 ms
GET /myprofile 200 3730661 - 38.250 ms
GET /public/images/home/Bckg-Img.png 404 170 - 0.820 ms
DELETE /api/picture/15 200 1 - 42.528 ms
GET /myprofile 200 2980 - 11.049 ms
GET /public/images/home/Bckg-Img.png 404 170 - 1.317 ms
POST /api/picture 200 3727574 - 180.535 ms
GET /myprofile 200 3730661 - 35.911 ms
GET /public/images/home/Bckg-Img.png 404 170 - 1.112 ms
GET /myprofile 304 - - 57.596 ms
GET /public/images/home/Bckg-Img.png 404 170 - 1.243 ms
DELETE /api/picture/16 200 1 - 36.491 ms
GET /myprofile 200 2980 - 7.970 ms
POST /api/picture 200 3727574 - 174.850 ms
GET /myprofile 200 3730661 - 26.998 ms
GET /myprofile 304 - - 27.061 ms
DELETE /api/picture/17 200 1 - 35.953 ms
GET /myprofile 200 2980 - 12.630 ms
POST /api/picture 200 3727574 - 185.630 ms
GET /myprofile 200 3730661 - 27.017 ms
GET /myprofile 304 - - 38.449 ms
DELETE /api/picture/18 200 1 - 33.691 ms
GET /myprofile 200 2980 - 20.208 ms
GET /myprofile 304 - - 15.256 ms
GET /Community 304 - - 12.052 ms
GET /myprofile 304 - - 19.268 ms
POST /api/picture 200 3727574 - 191.716 ms
GET /myprofile 200 3730661 - 29.427 ms
GET /myprofile 304 - - 31.645 ms
DELETE /api/picture/19 200 1 - 29.651 ms
GET /myprofile 200 2980 - 10.346 ms
GET /myprofile 304 - - 4.607 ms
POST /api/picture 200 3727574 - 210.611 ms
GET /myprofile 200 3730661 - 31.920 ms
GET / 304 - - 16.302 ms
GET /workout 304 - - 14.008 ms
GET /workout 304 - - 14.102 ms
GET /diet 304 - - 19.603 ms
GET /js/diets.js 404 150 - 0.992 ms
GET /community 304 - - 17.077 ms
GET /login 302 46 - 3.674 ms
GET / 304 - - 6.715 ms
GET /myprofile 304 - - 54.843 ms
GET /Community 304 - - 12.835 ms
POST /api/users/logout 204 - - 5.504 ms
GET / 304 - - 5.656 ms
GET /login 200 1981 - 11.364 ms
POST /api/users/login 200 247 - 97.864 ms
GET /myprofile 200 2994 - 4.461 ms
POST /api/picture 200 3727574 - 196.020 ms
GET /myprofile 200 3730675 - 32.268 ms
GET /Community 304 - - 10.977 ms
POST /api/users/logout 204 - - 11.041 ms
GET / 304 - - 10.776 ms
GET /myprofile 302 56 - 1.637 ms
GET /login 304 - - 1.701 ms
POST /api/users/login 200 240 - 103.213 ms
GET /myprofile 200 3730659 - 25.997 ms
GET /workout 304 - - 19.974 ms
GET /myprofile 304 - - 77.455 ms
GET /Community 304 - - 18.105 ms
DELETE /api/picture/11 200 1 - 15.187 ms
GET /myprofile 200 2978 - 16.228 ms
POST /api/users/logout 204 - - 15.623 ms
GET / 304 - - 8.932 ms
GET /myprofile 302 56 - 3.776 ms
GET /login 304 - - 8.170 ms
GET / 200 1378 - 24.881 ms
GET /public/images/home/Bckg-Img.png 404 170 - 1.290 ms
GET /favicon.ico 404 150 - 0.674 ms
GET /workout 200 2243 - 3.836 ms
GET /public/images/home/Bckg-Img.png 404 170 - 0.391 ms
GET /workout 304 - - 3.400 ms
GET /diet 200 2410 - 5.328 ms
GET /js/diets.js 404 150 - 0.885 ms
GET /login 200 2066 - 1.887 ms
GET /myprofile 302 56 - 1.455 ms
GET /login 304 - - 1.459 ms
GET /login 304 - - 1.682 ms
POST /api/users 400 1033 - 52.556 ms
POST /api/users 400 1033 - 49.605 ms
GET /community 200 2122 - 3.584 ms
GET /community 304 - - 2.778 ms
GET /diet 304 - - 4.310 ms
GET /js/diets.js 404 150 - 0.345 ms
GET /community 304 - - 2.596 ms
GET /diet 304 - - 2.748 ms
GET /js/diets.js 404 150 - 0.404 ms
GET /workout 304 - - 2.541 ms
GET /workout 304 - - 2.037 ms
GET /diet 304 - - 3.372 ms
GET /js/diets.js 404 150 - 0.253 ms
GET /community 304 - - 2.059 ms
GET /login 304 - - 1.440 ms
GET /workout 304 - - 2.399 ms
GET / 304 - - 3.248 ms
GET /community 304 - - 1.917 ms
GET /community 200 2235 - 1.942 ms
GET /public/images/home/Bckg-Img.png 404 170 - 1.236 ms
GET /community 200 2226 - 2.451 ms
GET /community 200 2236 - 2.217 ms
GET /community 200 2765 - 1.914 ms
GET /public/images/home/Bckg-Img.png 404 170 - 1.034 ms
GET /community 200 2197 - 1.884 ms
GET /community 200 2195 - 2.500 ms
GET /community 200 2189 - 2.150 ms
GET /community 200 2434 - 2.349 ms
GET /community 200 2226 - 1.855 ms
GET /community 200 2235 - 1.775 ms
GET /workout 304 - - 1.587 ms
GET /public/images/home/Bckg-Img.png 404 170 - 0.911 ms
GET /login 304 - - 1.478 ms
GET /public/images/home/Bckg-Img.png 404 170 - 0.312 ms
POST /api/users 400 1033 - 48.355 ms
GET /community 304 - - 2.204 ms
GET /public/images/home/Bckg-Img.png 404 170 - 1.085 ms
GET /login 304 - - 1.120 ms
GET /public/images/home/Bckg-Img.png 404 170 - 0.266 ms
GET /community 304 - - 2.469 ms
GET /public/images/home/Bckg-Img.png 404 170 - 0.321 ms
GET /login 304 - - 1.118 ms
GET /diet 304 - - 2.516 ms
GET /js/diets.js 404 150 - 0.300 ms
GET /diet 304 - - 2.094 ms
GET /js/diets.js 404 150 - 0.223 ms
GET /workout 304 - - 1.651 ms
GET /workout 304 - - 1.539 ms
GET /diet 304 - - 2.426 ms
GET /js/diets.js 404 150 - 0.316 ms
GET /diet 200 2464 - 4.393 ms
GET /js/diets.js 404 150 - 0.214 ms
GET /public/images/home/Bckg-Img.png 404 170 - 0.235 ms
GET /diet 304 - - 2.733 ms
GET /js/diets.js 404 150 - 0.237 ms
GET / 304 - - 2.035 ms
GET /public/images/home/Bckg-Img.png 404 170 - 0.835 ms
GET /diet 200 2479 - 2.854 ms
GET /js/diets.js 404 150 - 0.284 ms
GET /diet 200 2565 - 2.815 ms
GET /js/diets.js 404 150 - 0.199 ms
GET /public/images/home/Bckg-Img.png 404 170 - 0.227 ms
GET /diet 304 - - 2.474 ms
GET /js/diets.js 404 150 - 0.313 ms
GET /diet 304 - - 3.710 ms
GET /js/diets.js 404 150 - 0.223 ms
GET /diet 304 - - 2.680 ms
GET /js/diets.js 404 150 - 0.203 ms
GET /diet 304 - - 2.141 ms
GET /js/diets.js 404 150 - 0.211 ms
GET /community 304 - - 1.741 ms
GET /diet 200 2533 - 2.421 ms
GET /js/diets.js 404 150 - 0.286 ms
GET /diet 304 - - 2.544 ms
GET /js/diets.js 404 150 - 0.270 ms
GET /diet 200 3004 - 2.194 ms
GET /js/diets.js 404 150 - 0.262 ms
GET /public/images/home/Bckg-Img.png 404 170 - 0.239 ms
GET /diet 304 - - 2.434 ms
GET /js/diets.js 404 150 - 0.337 ms
GET /diet 304 - - 2.365 ms
GET /js/diets.js 404 150 - 0.229 ms
GET /workout 304 - - 1.663 ms
GET /public/images/home/Bckg-Img.png 404 170 - 0.836 ms
GET /diet 304 - - 2.671 ms
GET /js/diets.js 404 150 - 0.248 ms
GET /workout 304 - - 1.553 ms
GET /workout 304 - - 1.671 ms
GET /diet 304 - - 2.397 ms
GET /js/diets.js 404 150 - 0.202 ms
GET /community 304 - - 1.663 ms
GET /login 304 - - 1.383 ms
GET /workout 304 - - 1.986 ms
GET / 304 - - 2.673 ms
GET /diet 304 - - 2.393 ms
GET /js/diets.js 404 150 - 0.223 ms
GET /community 304 - - 1.704 ms
GET /login 304 - - 1.065 ms
GET /myprofile 302 56 - 0.482 ms
GET /login 304 - - 0.928 ms
GET /diet 304 - - 2.446 ms
GET /js/diets.js 404 150 - 0.193 ms
GET /workout 304 - - 1.543 ms
GET /diet 200 3071 - 2.310 ms
GET /js/diets.js 404 150 - 0.205 ms
GET /public/images/home/Bckg-Img.png 404 170 - 0.203 ms
GET /js/diets.js 404 150 - 0.245 ms
GET /workout 304 - - 2.907 ms
GET /public/images/home/Bckg-Img.png 404 170 - 0.811 ms
GET /diet 200 2683 - 2.431 ms
GET /js/diets.js 404 150 - 0.597 ms
GET /public/images/home/Bckg-Img.png 404 170 - 0.289 ms
GET /diet 200 2593 - 2.302 ms
GET /js/diets.js 404 150 - 0.189 ms
GET /diet 304 - - 2.471 ms
GET /diet 200 2577 - 2.409 ms
GET /js/diets.js 404 150 - 0.271 ms
GET /public/images/home/Bckg-Img.png 404 170 - 0.240 ms
GET /diet 304 - - 2.909 ms
GET /js/diets.js 404 150 - 0.215 ms
GET /public/images/home/Bckg-Img.png 404 170 - 0.216 ms
GET /diet 304 - - 2.621 ms
GET /diet 304 - - 1.887 ms
GET /js/diets.js 404 150 - 0.228 ms
GET /public/images/home/Bckg-Img.png 404 170 - 0.244 ms
GET /diet 304 - - 2.716 ms
GET /login 304 - - 1.066 ms
GET /public/images/home/Bckg-Img.png 404 170 - 0.279 ms
GET /myprofile 302 56 - 0.397 ms
GET /login 304 - - 1.283 ms
GET /myprofile 302 56 - 0.269 ms
GET /login 304 - - 1.499 ms
GET /myprofile 302 56 - 0.345 ms
GET /login 304 - - 1.015 ms
GET /myprofile 302 56 - 0.566 ms
GET /login 304 - - 0.937 ms
GET /myprofile 302 56 - 0.244 ms
GET /login 304 - - 0.980 ms
GET /myprofile 302 56 - 0.232 ms
GET /login 304 - - 0.961 ms
GET /myprofile 302 56 - 0.231 ms
GET /login 304 - - 0.886 ms
POST /api/users 400 1033 - 49.599 ms
GET /diet 200 2441 - 2.350 ms
GET /js/diets.js 404 150 - 0.631 ms
GET /public/images/home/Bckg-Img.png 404 170 - 0.193 ms
POST /api/users 400 1033 - 48.542 ms
GET /login 304 - - 1.036 ms
GET /public/images/home/Bckg-Img.png 404 170 - 0.286 ms
POST /api/users 400 1033 - 48.378 ms
POST /api/users 400 1033 - 48.695 ms
POST /api/users/login 400 752 - 1.482 ms
GET /myprofile 302 56 - 0.271 ms
GET /login 304 - - 1.095 ms
GET /public/images/home/Bckg-Img.png 404 170 - 0.223 ms
GET /myprofile 302 56 - 0.259 ms
GET /login 304 - - 0.936 ms
GET /public/images/home/Bckg-Img.png 404 170 - 0.288 ms
GET /myprofile 302 56 - 0.246 ms
GET /login 304 - - 0.964 ms
GET /myprofile 302 56 - 0.326 ms
GET /login 304 - - 0.957 ms
GET /myprofile 302 56 - 0.253 ms
GET /login 304 - - 1.329 ms
GET /myprofile 302 56 - 0.241 ms
GET /login 304 - - 1.134 ms
GET /myprofile 302 56 - 0.244 ms
GET /login 304 - - 0.963 ms
GET /login 304 - - 0.983 ms
GET /myprofile 302 56 - 0.233 ms
GET /login 304 - - 0.884 ms
GET /community 304 - - 1.615 ms
GET /community 304 - - 2.082 ms
GET /diet 200 2410 - 2.559 ms
GET /js/diets.js 404 150 - 0.490 ms
GET /workout 304 - - 1.511 ms
GET /workout 304 - - 1.989 ms
GET /workout 304 - - 1.571 ms
GET / 304 - - 2.466 ms
GET /diet 304 - - 1.914 ms
GET /js/diets.js 404 150 - 0.286 ms
GET /diet 304 - - 2.146 ms
GET /js/diets.js 404 150 - 0.179 ms
GET /public/images/home/Bckg-Img.png 404 170 - 0.206 ms
GET /community 200 2395 - 1.617 ms
GET /community 200 2395 - 1.502 ms
GET /public/images/home/Bckg-Img.png 404 170 - 1.032 ms
GET /myprofile 302 56 - 0.245 ms
GET /login 304 - - 0.905 ms
GET /myprofile 302 56 - 0.243 ms
GET /login 304 - - 0.927 ms
GET /login 304 - - 0.924 ms
GET /community 304 - - 1.570 ms
GET /myprofile 302 56 - 0.250 ms
GET /login 304 - - 0.971 ms
POST /api/users 400 1033 - 48.854 ms
POST /api/users 400 1033 - 48.345 ms
GET /login 304 - - 0.955 ms
GET /myprofile 302 56 - 0.247 ms
GET /login 304 - - 1.118 ms
GET /login 304 - - 1.097 ms
GET /public/images/home/Bckg-Img.png 404 170 - 0.204 ms
POST /api/users 400 1000 - 48.214 ms
POST /api/users 400 1012 - 47.860 ms
POST /api/users 400 1012 - 50.006 ms
POST /api/users 400 1012 - 47.831 ms
POST /api/users 400 1012 - 47.692 ms
GET /myprofile 302 56 - 0.245 ms
GET /login 304 - - 1.960 ms
GET /public/images/home/Bckg-Img.png 404 170 - 0.211 ms
GET /myprofile 302 56 - 0.231 ms
GET /login 304 - - 0.940 ms
GET /myprofile 302 56 - 0.224 ms
GET /login 304 - - 0.949 ms
GET /myprofile 302 56 - 0.229 ms
GET /login 304 - - 0.957 ms
GET /myprofile 302 56 - 0.230 ms
GET /login 304 - - 1.285 ms
GET /login 304 - - 1.105 ms
GET /community 304 - - 1.652 ms
GET /workout 304 - - 1.840 ms
GET / 304 - - 2.247 ms
GET /diet 304 - - 2.332 ms
GET /js/diets.js 404 150 - 0.228 ms
GET /community 304 - - 1.604 ms
GET /diet 304 - - 2.381 ms
GET /js/diets.js 404 150 - 0.219 ms
GET /community 304 - - 1.859 ms
GET /login 304 - - 0.968 ms
GET /community 304 - - 2.283 ms
GET / 304 - - 2.813 ms
GET /workout 304 - - 1.888 ms
GET /diet 304 - - 2.301 ms
GET /js/diets.js 404 150 - 0.194 ms
GET /community 304 - - 1.521 ms
GET / 304 - - 1.801 ms
GET /workout 304 - - 1.412 ms
GET /diet 304 - - 2.206 ms
GET /js/diets.js 404 150 - 0.179 ms
GET /community 200 2397 - 1.494 ms
GET /community 304 - - 1.568 ms
GET /myprofile 302 56 - 0.268 ms
GET /login 304 - - 0.965 ms
GET /login 304 - - 0.919 ms
GET /login 304 - - 1.351 ms
GET /community 304 - - 1.841 ms
GET /myprofile 302 56 - 0.219 ms
GET /login 304 - - 0.902 ms
GET /login 304 - - 1.004 ms
GET /community 304 - - 1.491 ms
GET /myprofile 302 56 - 0.236 ms
GET /login 304 - - 1.242 ms
GET /login 304 - - 1.559 ms
GET /public/images/home/Bckg-Img.png 404 170 - 0.195 ms
GET /login 304 - - 1.108 ms
GET /public/images/home/Bckg-Img.png 404 170 - 0.210 ms
GET /community 304 - - 1.591 ms
GET /community 200 2387 - 1.528 ms
GET /community 304 - - 1.533 ms
GET /public/images/home/Bckg-Img.png 404 170 - 1.034 ms
GET /community 304 - - 1.822 ms
GET / 304 - - 1.869 ms
GET /public/images/home/Bckg-Img.png 404 170 - 0.745 ms
GET /diet 304 - - 3.113 ms
GET /js/diets.js 404 150 - 0.258 ms
GET /workout 304 - - 1.593 ms
GET / 304 - - 2.509 ms
GET /workout 304 - - 1.831 ms
GET /diet 304 - - 2.773 ms
GET /js/diets.js 404 150 - 0.192 ms
GET /community 304 - - 1.757 ms
GET /login 304 - - 1.246 ms
GET /myprofile 302 56 - 0.254 ms
GET /login 304 - - 1.245 ms
GET /login 304 - - 1.097 ms
POST /api/users 400 1051 - 49.085 ms
POST /api/users 400 1051 - 48.136 ms
POST /api/users 400 1039 - 48.243 ms
POST /api/users/login 400 791 - 1.155 ms
POST /api/users/login 400 791 - 0.793 ms
POST /api/users 400 1033 - 48.387 ms
POST /api/users 400 1033 - 48.286 ms
GET /login 304 - - 1.127 ms
GET /public/images/home/Bckg-Img.png 404 170 - 0.303 ms
GET / 304 - - 2.530 ms
GET /public/images/home/Bckg-Img.png 404 170 - 0.286 ms
GET /myprofile 302 56 - 0.298 ms
GET /login 304 - - 1.234 ms
GET /login 304 - - 1.170 ms
GET /myprofile 302 56 - 0.250 ms
GET /login 304 - - 1.458 ms
POST /api/users 400 1006 - 48.869 ms
POST /api/users 400 1015 - 48.345 ms
GET / 304 - - 13.657 ms
GET /public/images/home/Bckg-Img.png 404 170 - 2.258 ms
GET /login 304 - - 2.375 ms
GET /myprofile 302 56 - 1.533 ms
GET /login 304 - - 2.383 ms
POST /api/users 200 170 - 55.310 ms
GET / 304 - - 3.597 ms
GET /myprofile 200 3095 - 9.405 ms
GET /myprofile 200 3275 - 4.692 ms
GET /myprofile 304 - - 5.662 ms
GET /myprofile 200 3267 - 3.860 ms
GET /public/images/home/Bckg-Img.png 404 170 - 0.361 ms
GET /myprofile 200 3269 - 4.724 ms
GET /myprofile 200 3271 - 4.140 ms
GET /public/images/home/Bckg-Img.png 404 170 - 0.755 ms
GET /myprofile 304 - - 4.012 ms
GET / 304 - - 2.526 ms
GET /public/images/home/Bckg-Img.png 404 170 - 0.888 ms
GET /myprofile 304 - - 4.320 ms
GET /myprofile 304 - - 4.028 ms
GET /workout 304 - - 2.906 ms
GET /public/images/home/Bckg-Img.png 404 170 - 1.857 ms
GET /myprofile 304 - - 3.517 ms
GET /myprofile 304 - - 3.835 ms
GET /workout 304 - - 2.166 ms
GET /public/images/home/Bckg-Img.png 404 170 - 0.303 ms
GET /public/images/home/Bckg-Img.png 404 170 - 0.318 ms
GET /public/images/home/Bckg-Img.png 404 170 - 0.270 ms
GET /Community 200 2387 - 2.105 ms
GET /public/images/home/Bckg-Img.png 404 170 - 0.470 ms
GET /myprofile 304 - - 3.419 ms
GET /Community 304 - - 1.970 ms
GET /public/images/home/Bckg-Img.png 404 170 - 0.622 ms
GET /login 302 46 - 0.378 ms
GET / 304 - - 2.492 ms
GET /myprofile 304 - - 3.367 ms
GET /myprofile 304 - - 3.792 ms
GET /myprofile 200 3269 - 4.077 ms
GET /public/images/home/Bckg-Img.png 404 170 - 0.290 ms
GET /myprofile 200 3227 - 3.624 ms
GET /public/images/home/Bckg-Img.png 404 170 - 0.256 ms
GET /myprofile 200 3393 - 3.291 ms
GET /public/images/home/Bckg-Img.png 404 170 - 0.269 ms
GET /myprofile 200 3264 - 3.166 ms
GET /public/images/home/Bckg-Img.png 404 170 - 0.311 ms
GET /myprofile 304 - - 3.580 ms
GET /myprofile 304 - - 3.636 ms
GET /public/images/home/Bckg-Img.png 404 170 - 0.306 ms
GET /myprofile 304 - - 3.380 ms
GET /myprofile 200 3395 - 3.556 ms
GET /public/images/home/Bckg-Img.png 404 170 - 0.256 ms
GET /myprofile 200 3592 - 3.378 ms
GET / 304 - - 2.795 ms
GET /public/images/home/Bckg-Img.png 404 170 - 1.246 ms
GET /myprofile 304 - - 4.256 ms
GET / 304 - - 2.410 ms
GET /public/images/home/Bckg-Img.png 404 170 - 0.776 ms
GET /myprofile 200 3321 - 3.504 ms
GET / 304 - - 3.333 ms
GET /public/images/home/Bckg-Img.png 404 170 - 0.902 ms
GET /myprofile 302 56 - 0.389 ms
GET /login 200 2066 - 1.240 ms
GET /myprofile 302 56 - 0.332 ms
GET /login 304 - - 0.905 ms
POST /api/users/login 200 242 - 50.816 ms
GET /myprofile 200 3321 - 3.276 ms
GET /myprofile 200 3231 - 3.156 ms
GET /myprofile 304 - - 4.746 ms
GET /myprofile 304 - - 3.080 ms
GET /public/images/home/Bckg-Img.png 404 170 - 0.728 ms
GET /myprofile 304 - - 3.177 ms
GET /myprofile 304 - - 2.820 ms
GET /public/images/home/Bckg-Img.png 404 170 - 0.248 ms
GET /myprofile 304 - - 3.583 ms
GET /myprofile 304 - - 2.894 ms
GET /public/images/home/Bckg-Img.png 404 170 - 0.201 ms
GET /myprofile 304 - - 3.585 ms
GET /myprofile 304 - - 2.949 ms
GET /public/images/home/Bckg-Img.png 404 170 - 0.182 ms
GET /myprofile 304 - - 3.529 ms
GET /myprofile 304 - - 3.328 ms
GET /public/images/home/Bckg-Img.png 404 170 - 0.208 ms
GET /myprofile 304 - - 2.954 ms
GET /public/images/home/Bckg-Img.png 404 170 - 0.272 ms
GET /public/images/home/Bckg-Img.png 404 170 - 0.254 ms
GET /login 302 46 - 0.296 ms
GET / 304 - - 1.629 ms
GET /community 304 - - 1.826 ms
GET /myprofile 304 - - 2.982 ms
GET /myprofile 304 - - 2.977 ms
GET /public/images/home/Bckg-Img.png 404 170 - 0.230 ms
GET /myprofile 304 - - 2.842 ms
GET /public/images/home/Bckg-Img.png 404 170 - 0.256 ms
GET /myprofile 304 - - 2.844 ms
GET /public/images/home/Bckg-Img.png 404 170 - 0.192 ms
GET /workout 304 - - 1.641 ms
GET /public/images/home/Bckg-Img.png 404 170 - 0.748 ms
GET /myprofile?number=&albumnav=%23bn-photocenter-1-1-2439437326%2F61683%2F1%2F 200 3231 - 3.368 ms
GET /public/images/home/Bckg-Img.png 404 170 - 0.174 ms
GET /Community 304 - - 1.895 ms
GET /public/images/home/Bckg-Img.png 404 170 - 0.678 ms
GET /myprofile?number=&albumnav=%23bn-photocenter-1-1-2439437326%2F61683%2F1%2F 200 3085 - 3.043 ms
GET /public/images/home/Bckg-Img.png 404 170 - 0.198 ms
GET /myprofile?number= 200 3085 - 2.955 ms
GET /public/images/home/Bckg-Img.png 404 170 - 0.209 ms
GET /Community 200 2526 - 2.002 ms
GET /public/images/home/Bckg-Img.png 404 170 - 0.314 ms
GET /community 200 2533 - 1.759 ms
GET /public/images/home/Bckg-Img.png 404 170 - 0.260 ms
GET /community 200 2519 - 1.571 ms
GET /public/images/home/Bckg-Img.png 404 170 - 0.612 ms
GET /community 304 - - 2.886 ms
GET /public/images/home/Bckg-Img.png 404 170 - 0.223 ms
GET /community 200 2389 - 1.711 ms
GET /public/images/home/Bckg-Img.png 404 170 - 0.695 ms
GET /community 200 2521 - 1.911 ms
GET /public/images/home/Bckg-Img.png 404 170 - 0.279 ms
GET /community 200 2267 - 2.896 ms
GET /community 304 - - 1.498 ms
GET /diet 304 - - 2.391 ms
GET /js/diets.js 404 150 - 0.171 ms
GET /community 304 - - 1.574 ms
GET /community 304 - - 1.487 ms
GET /workout 304 - - 1.953 ms
GET /workout 304 - - 1.708 ms
GET /diet 304 - - 2.163 ms
GET /js/diets.js 404 150 - 0.201 ms
GET /community 304 - - 1.581 ms
GET /community 200 2122 - 1.741 ms
GET /community 200 2518 - 1.598 ms
GET /community 304 - - 1.552 ms
GET /community 200 2122 - 1.864 ms
GET /community 200 2372 - 1.426 ms
GET /community 200 2490 - 1.619 ms
GET /community 304 - - 1.797 ms
GET /public/images/home/Bckg-Img.png 404 170 - 0.784 ms
GET /community 200 2358 - 1.790 ms
GET /public/images/home/Bckg-Img.png 404 170 - 0.617 ms
GET /community 200 2497 - 1.498 ms
GET /community 200 2617 - 1.663 ms
GET /public/images/home/Bckg-Img.png 404 170 - 1.394 ms
GET /community 200 2533 - 1.376 ms
GET /community 200 2531 - 1.552 ms
GET /public/images/home/Bckg-Img.png 404 170 - 0.865 ms
GET /community 304 - - 1.939 ms
GET /public/images/home/Bckg-Img.png 404 170 - 0.894 ms
GET /community 200 2711 - 1.704 ms
GET /public/images/home/Bckg-Img.png 404 170 - 0.650 ms
GET /community 200 2577 - 1.933 ms
GET /public/images/home/Bckg-Img.png 404 170 - 0.196 ms
GET /community 200 2526 - 1.647 ms
GET /public/images/home/Bckg-Img.png 404 170 - 0.775 ms
GET /diet 200 3009 - 2.100 ms
GET /js/diets.js 404 150 - 0.179 ms
GET /public/images/home/Bckg-Img.png 404 170 - 0.294 ms
GET /community 200 1935 - 1.869 ms
GET /community 200 2067 - 1.434 ms
GET /public/images/home/Bckg-Img.png 404 170 - 0.201 ms
GET /community 304 - - 1.930 ms
GET /diet 304 - - 2.362 ms
GET /js/diets.js 404 150 - 0.167 ms
GET /public/images/home/Bckg-Img.png 404 170 - 0.174 ms
GET /community 200 1931 - 1.766 ms
GET /community 200 1789 - 1.833 ms
GET /public/images/home/Bckg-Img.png 404 170 - 0.175 ms
GET /community 200 2026 - 1.433 ms
GET /public/images/home/Bckg-Img.png 404 170 - 0.204 ms
GET / 304 - - 2.330 ms
GET /public/images/home/Bckg-Img.png 404 170 - 0.702 ms
GET /community 304 - - 1.621 ms
GET /diet 304 - - 2.483 ms
GET /js/diets.js 404 150 - 0.186 ms
GET /community 304 - - 1.672 ms
GET /community 200 2627 - 1.574 ms
GET /community 200 2629 - 1.466 ms
GET /community 200 2612 - 1.992 ms
GET /community 200 2593 - 1.490 ms
GET /public/images/home/Bckg-Img.png 404 170 - 0.257 ms
GET /community 200 2593 - 1.721 ms
GET /community 200 2593 - 1.549 ms
GET /community 200 2603 - 1.434 ms
GET /community 200 2610 - 1.703 ms
GET /community 200 2611 - 1.480 ms
GET /community 200 2613 - 1.504 ms
GET /community 200 2615 - 1.575 ms
GET /workout 304 - - 1.608 ms
GET /diet 200 2410 - 2.088 ms
GET /js/diets.js 404 150 - 0.198 ms
GET /community 304 - - 1.577 ms
GET /community 200 2643 - 1.766 ms
GET /community 200 2643 - 1.598 ms
GET /community 200 2654 - 2.073 ms
GET /public/images/home/Bckg-Img.png 404 170 - 1.218 ms
GET /community 200 2653 - 1.419 ms
GET /community 200 2355 - 1.862 ms
GET /diet 200 2550 - 2.498 ms
GET /js/diets.js 404 150 - 0.173 ms
GET /community 304 - - 1.627 ms
GET /public/images/home/Bckg-Img.png 404 170 - 0.735 ms
GET /community 200 2661 - 1.454 ms
GET /community 200 2628 - 1.486 ms
GET /community 200 2629 - 1.504 ms
GET /community 200 2634 - 1.892 ms
GET /public/images/home/Bckg-Img.png 404 170 - 0.733 ms
GET /diet 304 - - 2.426 ms
GET /js/diets.js 404 150 - 0.184 ms
GET /public/images/home/Bckg-Img.png 404 170 - 0.199 ms
GET /diet 304 - - 2.448 ms
GET /js/diets.js 404 150 - 0.546 ms
GET /public/images/home/Bckg-Img.png 404 170 - 0.183 ms
GET /diet 304 - - 2.109 ms
GET /js/diets.js 404 150 - 0.195 ms
GET /public/images/home/Bckg-Img.png 404 170 - 0.229 ms
GET /diet 304 - - 2.675 ms
GET /js/diets.js 404 150 - 0.166 ms
GET /public/images/home/Bckg-Img.png 404 170 - 0.202 ms
GET /diet 304 - - 1.905 ms
GET /js/diets.js 404 150 - 0.196 ms
GET /public/images/home/Bckg-Img.png 404 170 - 0.198 ms
GET /community 304 - - 1.682 ms
GET /public/images/home/Bckg-Img.png 404 170 - 0.697 ms
GET / 304 - - 2.003 ms
GET /public/images/home/Bckg-Img.png 404 170 - 0.803 ms
GET /workout 304 - - 1.521 ms
GET / 304 - - 2.125 ms
GET /workout 304 - - 1.802 ms
GET /workout 304 - - 1.544 ms
GET /diet 200 2410 - 2.289 ms
GET /js/diets.js 404 150 - 0.155 ms
GET /community 304 - - 1.898 ms
GET /community 200 2665 - 1.439 ms
GET /community 200 2674 - 1.597 ms
GET /community 200 2669 - 1.640 ms
GET /public/images/home/Bckg-Img.png 404 170 - 0.713 ms
GET /community 200 2633 - 1.465 ms
